Using pre-set license
Built from '2020.3/china_unity/release' branch; Version is '2020.3.4f1c1 (3d27070cb163) revision 4007687'; Using compiler version '192528614'; Build Type 'Release'
OS: 'Windows 10 Pro; OS build 19042.928; Version 2009; 64bit' Language: 'zh' Physical Memory: 8092 MB
BatchMode: 1, IsHumanControllingUs: 0, StartBugReporterOnCrash: 0, Is64bit: 1, IsPro: 0

 COMMAND LINE ARGUMENTS:
F:\Program Files\Unity\Editor\2020.3.4\Unity\Editor\Unity.exe
-adb2
-batchMode
-noUpm
-name
AssetImportWorker0
-projectPath
D:/Projects/github repo/GameDesign-Unity/twod-platformer-unity
-logFile
Logs/AssetImportWorker0.log
-srvPort
49632
Successfully changed project path to: D:/Projects/github repo/GameDesign-Unity/twod-platformer-unity
D:/Projects/github repo/GameDesign-Unity/twod-platformer-unity
Using Asset Import Pipeline V2.
Refreshing native plugins compatible for Editor in 31.06 ms, found 0 plugins.
Preloading 0 native plugins for Editor in 0.00 ms.
Initialize engine version: 2020.3.4f1c1 (3d27070cb163)
[Subsystems] Discovering subsystems at path F:/Program Files/Unity/Editor/2020.3.4/Unity/Editor/Data/Resources/UnitySubsystems
[Subsystems] Discovering subsystems at path D:/Projects/github repo/GameDesign-Unity/twod-platformer-unity/Assets
GfxDevice: creating device client; threaded=0
Direct3D:
    Version:  Direct3D 11.0 [level 11.1]
    Renderer: Radeon (TM) 530 (ID=0x6900)
    Vendor:   
    VRAM:     2039 MB
    Driver:   26.20.13003.1007
Initialize mono
Mono path[0] = 'F:/Program Files/Unity/Editor/2020.3.4/Unity/Editor/Data/Managed'
Mono path[1] = 'F:/Program Files/Unity/Editor/2020.3.4/Unity/Editor/Data/MonoBleedingEdge/lib/mono/unityjit'
Mono config path = 'F:/Program Files/Unity/Editor/2020.3.4/Unity/Editor/Data/MonoBleedingEdge/etc'
Using monoOptions --debugger-agent=transport=dt_socket,embedding=1,server=y,suspend=n,address=127.0.0.1:56556
Begin MonoManager ReloadAssembly
Registering precompiled unity dll's ...
Register platform support module: F:/Program Files/Unity/Editor/2020.3.4/Unity/Editor/Data/PlaybackEngines/WindowsStandaloneSupport/UnityEditor.WindowsStandalone.Extensions.dll
Registered in 0.001186 seconds.
Native extension for WindowsStandalone target not found
Refreshing native plugins compatible for Editor in 31.92 ms, found 0 plugins.
Preloading 0 native plugins for Editor in 0.00 ms.
Mono: successfully reloaded assembly
- Completed reload, in  0.791 seconds
Platform modules already initialized, skipping
Registering precompiled user dll's ...
Registered in 0.000620 seconds.
Begin MonoManager ReloadAssembly
Native extension for WindowsStandalone target not found
Refreshing native plugins compatible for Editor in 0.27 ms, found 0 plugins.
Preloading 0 native plugins for Editor in 0.00 ms.
Mono: successfully reloaded assembly
- Completed reload, in  0.927 seconds
Platform modules already initialized, skipping
========================================================================
Worker process is ready to serve import requests
Launched and connected shader compiler UnityShaderCompiler.exe after 0.11 seconds
Refreshing native plugins compatible for Editor in 0.25 ms, found 0 plugins.
Preloading 0 native plugins for Editor in 0.00 ms.
Unloading 1199 Unused Serialized files (Serialized files now loaded: 0)
System memory in use before: 59.8 MB.
System memory in use after: 59.8 MB.

Unloading 13 unused Assets to reduce memory usage. Loaded Objects now: 1647.
Total: 2.917200 ms (FindLiveObjects: 0.296400 ms CreateObjectMapping: 0.204200 ms MarkObjects: 2.329700 ms  DeleteObjects: 0.085000 ms)

========================================================================
Received Import Request.
  path: Assets/Scripts/Player/PlayerHealth.cs
  artifactKey: Guid(d00a0d3105111d84692cc2ed97c1804d) Importer(815301076,1909f56bfc062723c751e8b465ee728b)
Start importing Assets/Scripts/Player/PlayerHealth.cs using Guid(d00a0d3105111d84692cc2ed97c1804d) Importer(815301076,1909f56bfc062723c751e8b465ee728b)  -> (artifact id: '00299d97e2a0fe77e001a51d91584360') in 0.033420 seconds
  Import took 0.035754 seconds .

========================================================================
Received Import Request.
  Time since last request: 89.096871 seconds.
  path: Assets/Animations/Player/Player.controller
  artifactKey: Guid(846b7f4a2cffe194db36c9ddbfac1b10) Importer(815301076,1909f56bfc062723c751e8b465ee728b)
Start importing Assets/Animations/Player/Player.controller using Guid(846b7f4a2cffe194db36c9ddbfac1b10) Importer(815301076,1909f56bfc062723c751e8b465ee728b)  -> (artifact id: '1876a2a174aa54a823c69b54b978dd22') in 0.020171 seconds
  Import took 0.022790 seconds .

========================================================================
Received Import Request.
  Time since last request: 0.006461 seconds.
  path: Assets/Animations/Player/Player.controller
  artifactKey: Guid(846b7f4a2cffe194db36c9ddbfac1b10) Importer(815301076,1909f56bfc062723c751e8b465ee728b)
Start importing Assets/Animations/Player/Player.controller using Guid(846b7f4a2cffe194db36c9ddbfac1b10) Importer(815301076,1909f56bfc062723c751e8b465ee728b)  -> (artifact id: '1876a2a174aa54a823c69b54b978dd22') in 0.033420 seconds
  Import took 0.035689 seconds .

========================================================================
Received Import Request.
  Time since last request: 168.942829 seconds.
  path: Assets/Scripts/Player/PlayerScript.cs
  artifactKey: Guid(092ad07e3bd88e1449e0ab780e75f922) Importer(815301076,1909f56bfc062723c751e8b465ee728b)
Start importing Assets/Scripts/Player/PlayerScript.cs using Guid(092ad07e3bd88e1449e0ab780e75f922) Importer(815301076,1909f56bfc062723c751e8b465ee728b)  -> (artifact id: '3f4ee0aa2091d64e8b4e6c5ef3b15f99') in 0.006697 seconds
  Import took 0.008958 seconds .

========================================================================
Received Import Request.
  Time since last request: 0.103367 seconds.
  path: Assets/Scripts/Player/PlayerScript.cs
  artifactKey: Guid(092ad07e3bd88e1449e0ab780e75f922) Importer(815301076,1909f56bfc062723c751e8b465ee728b)
Start importing Assets/Scripts/Player/PlayerScript.cs using Guid(092ad07e3bd88e1449e0ab780e75f922) Importer(815301076,1909f56bfc062723c751e8b465ee728b)  -> (artifact id: '3f4ee0aa2091d64e8b4e6c5ef3b15f99') in 0.002177 seconds
  Import took 0.004589 seconds .

========================================================================
Received Import Request.
  Time since last request: 172.208725 seconds.
  path: Assets/Sprites/UI
  artifactKey: Guid(7a8d9295ad050b348a932b9583822925) Importer(815301076,1909f56bfc062723c751e8b465ee728b)
Start importing Assets/Sprites/UI using Guid(7a8d9295ad050b348a932b9583822925) Importer(815301076,1909f56bfc062723c751e8b465ee728b)  -> (artifact id: '150f847455fbea8b0afbf404f075cc4a') in 0.008006 seconds
  Import took 0.011219 seconds .

========================================================================
Received Import Request.
  Time since last request: 163.567954 seconds.
  path: Assets/Sprites/UI/HP_MP_Bar.png
  artifactKey: Guid(2a8434f3c422f8b4e86adeb3a2de938b) Importer(815301076,1909f56bfc062723c751e8b465ee728b)
Start importing Assets/Sprites/UI/HP_MP_Bar.png using Guid(2a8434f3c422f8b4e86adeb3a2de938b) Importer(815301076,1909f56bfc062723c751e8b465ee728b)  -> (artifact id: '459bd58a45aa00f50e84a5f3efa945a0') in 0.143890 seconds
  Import took 0.146681 seconds .

========================================================================
Received Import Request.
  Time since last request: 299.903930 seconds.
  path: Assets/Scripts/UI
  artifactKey: Guid(f434ed6f35198e148a1b121a7bcc3e67) Importer(815301076,1909f56bfc062723c751e8b465ee728b)
Start importing Assets/Scripts/UI using Guid(f434ed6f35198e148a1b121a7bcc3e67) Importer(815301076,1909f56bfc062723c751e8b465ee728b)  -> (artifact id: 'c1b7341860448e6606521a4e17298748') in 0.002829 seconds
  Import took 0.005777 seconds .

========================================================================
Received Import Request.
  Time since last request: 9.097280 seconds.
  path: Assets/Scripts/UI/HealthBar.cs
  artifactKey: Guid(2c7516a21738809489a7e5544bfb5dc4) Importer(815301076,1909f56bfc062723c751e8b465ee728b)
Start importing Assets/Scripts/UI/HealthBar.cs using Guid(2c7516a21738809489a7e5544bfb5dc4) Importer(815301076,1909f56bfc062723c751e8b465ee728b)  -> (artifact id: '15a9184241f0e51201b92e700a1bef54') in 0.009348 seconds
  Import took 0.012305 seconds .

========================================================================
Received Prepare
Registering precompiled user dll's ...
Registered in 0.000986 seconds.
Begin MonoManager ReloadAssembly
Native extension for WindowsStandalone target not found
Refreshing native plugins compatible for Editor in 0.26 ms, found 0 plugins.
Preloading 0 native plugins for Editor in 0.00 ms.
Mono: successfully reloaded assembly
- Completed reload, in  0.961 seconds
Platform modules already initialized, skipping
Refreshing native plugins compatible for Editor in 0.30 ms, found 0 plugins.
Preloading 0 native plugins for Editor in 0.00 ms.
Unloading 1194 Unused Serialized files (Serialized files now loaded: 0)
System memory in use before: 62.7 MB.
System memory in use after: 62.8 MB.

Unloading 4 unused Assets to reduce memory usage. Loaded Objects now: 1660.
Total: 2.060300 ms (FindLiveObjects: 0.196500 ms CreateObjectMapping: 0.052400 ms MarkObjects: 1.788200 ms  DeleteObjects: 0.021100 ms)

========================================================================
Received Import Request.
  Time since last request: 50.197044 seconds.
  path: Assets/Scripts/UI/HealthBar1.cs
  artifactKey: Guid(d235294f377738b4fbeacdadf6f7951e) Importer(815301076,1909f56bfc062723c751e8b465ee728b)
Start importing Assets/Scripts/UI/HealthBar1.cs using Guid(d235294f377738b4fbeacdadf6f7951e) Importer(815301076,1909f56bfc062723c751e8b465ee728b)  -> (artifact id: '865694d7876224c8631da11f16d1eef9') in 0.008835 seconds
  Import took 0.011247 seconds .

========================================================================
Received Import Request.
  Time since last request: 0.027838 seconds.
  path: Assets/Scripts/UI/HealthBar1.cs
  artifactKey: Guid(d235294f377738b4fbeacdadf6f7951e) Importer(815301076,1909f56bfc062723c751e8b465ee728b)
Start importing Assets/Scripts/UI/HealthBar1.cs using Guid(d235294f377738b4fbeacdadf6f7951e) Importer(815301076,1909f56bfc062723c751e8b465ee728b)  -> (artifact id: '865694d7876224c8631da11f16d1eef9') in 0.001905 seconds
  Import took 0.004219 seconds .

========================================================================
Received Import Request.
  Time since last request: 3.586285 seconds.
  path: Assets/Scripts/UI/HealthBar.cs
  artifactKey: Guid(d235294f377738b4fbeacdadf6f7951e) Importer(815301076,1909f56bfc062723c751e8b465ee728b)
Start importing Assets/Scripts/UI/HealthBar.cs using Guid(d235294f377738b4fbeacdadf6f7951e) Importer(815301076,1909f56bfc062723c751e8b465ee728b)  -> (artifact id: 'a30d43eb057f9bf3fca88d74cbf26dd7') in 0.002235 seconds
  Import took 0.005171 seconds .

========================================================================
Received Prepare
Registering precompiled user dll's ...
Registered in 0.000929 seconds.
Begin MonoManager ReloadAssembly
Native extension for WindowsStandalone target not found
Refreshing native plugins compatible for Editor in 0.25 ms, found 0 plugins.
Preloading 0 native plugins for Editor in 0.00 ms.
Mono: successfully reloaded assembly
- Completed reload, in  0.918 seconds
Platform modules already initialized, skipping
Refreshing native plugins compatible for Editor in 0.41 ms, found 0 plugins.
Preloading 0 native plugins for Editor in 0.00 ms.
Unloading 1194 Unused Serialized files (Serialized files now loaded: 0)
System memory in use before: 62.8 MB.
System memory in use after: 62.9 MB.

Unloading 4 unused Assets to reduce memory usage. Loaded Objects now: 1663.
Total: 2.423500 ms (FindLiveObjects: 0.253700 ms CreateObjectMapping: 0.078700 ms MarkObjects: 2.066800 ms  DeleteObjects: 0.022500 ms)

========================================================================
Received Prepare
Registering precompiled user dll's ...
Registered in 0.000577 seconds.
Begin MonoManager ReloadAssembly
Native extension for WindowsStandalone target not found
Refreshing native plugins compatible for Editor in 0.25 ms, found 0 plugins.
Preloading 0 native plugins for Editor in 0.00 ms.
Mono: successfully reloaded assembly
- Completed reload, in  0.896 seconds
Platform modules already initialized, skipping
Refreshing native plugins compatible for Editor in 0.25 ms, found 0 plugins.
Preloading 0 native plugins for Editor in 0.00 ms.
Unloading 1194 Unused Serialized files (Serialized files now loaded: 0)
System memory in use before: 62.8 MB.
System memory in use after: 62.9 MB.

Unloading 4 unused Assets to reduce memory usage. Loaded Objects now: 1666.
Total: 2.669400 ms (FindLiveObjects: 0.253400 ms CreateObjectMapping: 0.144100 ms MarkObjects: 2.242900 ms  DeleteObjects: 0.025900 ms)

========================================================================
Received Import Request.
  Time since last request: 593.740837 seconds.
  path: Assets/Scripts/Player/PlayerAttack.cs
  artifactKey: Guid(3143c22e9df731e4d8c8d54ca37d7194) Importer(815301076,1909f56bfc062723c751e8b465ee728b)
Start importing Assets/Scripts/Player/PlayerAttack.cs using Guid(3143c22e9df731e4d8c8d54ca37d7194) Importer(815301076,1909f56bfc062723c751e8b465ee728b)  -> (artifact id: '26c449f59cd0f69f1043fe604a8432d1') in 0.008743 seconds
  Import took 0.011648 seconds .

========================================================================
Received Prepare
Registering precompiled user dll's ...
Registered in 0.000621 seconds.
Begin MonoManager ReloadAssembly
Native extension for WindowsStandalone target not found
Refreshing native plugins compatible for Editor in 0.24 ms, found 0 plugins.
Preloading 0 native plugins for Editor in 0.00 ms.
Mono: successfully reloaded assembly
- Completed reload, in  0.880 seconds
Platform modules already initialized, skipping
Refreshing native plugins compatible for Editor in 0.26 ms, found 0 plugins.
Preloading 0 native plugins for Editor in 0.00 ms.
Unloading 1194 Unused Serialized files (Serialized files now loaded: 0)
System memory in use before: 62.8 MB.
System memory in use after: 62.9 MB.

Unloading 4 unused Assets to reduce memory usage. Loaded Objects now: 1669.
Total: 1.978700 ms (FindLiveObjects: 0.261700 ms CreateObjectMapping: 0.069800 ms MarkObjects: 1.625000 ms  DeleteObjects: 0.020600 ms)

========================================================================
Received Import Request.
  Time since last request: 269.053522 seconds.
  path: Assets/Scripts/Enemy/Enemy.cs
  artifactKey: Guid(50b411d77ff14654883c94b122212746) Importer(815301076,1909f56bfc062723c751e8b465ee728b)
Start importing Assets/Scripts/Enemy/Enemy.cs using Guid(50b411d77ff14654883c94b122212746) Importer(815301076,1909f56bfc062723c751e8b465ee728b)  -> (artifact id: '6bf0c8a0d0c9ebf017360bc7d3e9252c') in 0.009167 seconds
  Import took 0.011591 seconds .

========================================================================
Received Prepare
Registering precompiled user dll's ...
Registered in 0.000653 seconds.
Begin MonoManager ReloadAssembly
Native extension for WindowsStandalone target not found
Refreshing native plugins compatible for Editor in 0.30 ms, found 0 plugins.
Preloading 0 native plugins for Editor in 0.00 ms.
Mono: successfully reloaded assembly
- Completed reload, in  0.886 seconds
Platform modules already initialized, skipping
Refreshing native plugins compatible for Editor in 0.28 ms, found 0 plugins.
Preloading 0 native plugins for Editor in 0.00 ms.
Unloading 1194 Unused Serialized files (Serialized files now loaded: 0)
System memory in use before: 62.8 MB.
System memory in use after: 62.9 MB.

Unloading 4 unused Assets to reduce memory usage. Loaded Objects now: 1672.
Total: 2.090700 ms (FindLiveObjects: 0.262900 ms CreateObjectMapping: 0.084400 ms MarkObjects: 1.722000 ms  DeleteObjects: 0.018200 ms)

========================================================================
Received Import Request.
  Time since last request: 258.857221 seconds.
  path: Assets/Prefabs/Bat.prefab
  artifactKey: Guid(2b6ee50249384474a8b58c6663a744d3) Importer(815301076,1909f56bfc062723c751e8b465ee728b)
Start importing Assets/Prefabs/Bat.prefab using Guid(2b6ee50249384474a8b58c6663a744d3) Importer(815301076,1909f56bfc062723c751e8b465ee728b)  -> (artifact id: '5c5238a5e8060590bf728f8f169e15cb') in 0.152969 seconds
  Import took 0.155464 seconds .

========================================================================
Received Prepare
Registering precompiled user dll's ...
Registered in 0.000674 seconds.
Begin MonoManager ReloadAssembly
Native extension for WindowsStandalone target not found
Refreshing native plugins compatible for Editor in 0.27 ms, found 0 plugins.
Preloading 0 native plugins for Editor in 0.00 ms.
Mono: successfully reloaded assembly
- Completed reload, in  0.823 seconds
Platform modules already initialized, skipping
Refreshing native plugins compatible for Editor in 0.26 ms, found 0 plugins.
Preloading 0 native plugins for Editor in 0.00 ms.
Unloading 1194 Unused Serialized files (Serialized files now loaded: 0)
System memory in use before: 62.9 MB.
System memory in use after: 63.0 MB.

Unloading 4 unused Assets to reduce memory usage. Loaded Objects now: 1680.
Total: 2.134900 ms (FindLiveObjects: 0.192100 ms CreateObjectMapping: 0.062800 ms MarkObjects: 1.858700 ms  DeleteObjects: 0.019500 ms)

========================================================================
Received Prepare
Registering precompiled user dll's ...
Registered in 0.000621 seconds.
Begin MonoManager ReloadAssembly
Native extension for WindowsStandalone target not found
Refreshing native plugins compatible for Editor in 0.27 ms, found 0 plugins.
Preloading 0 native plugins for Editor in 0.00 ms.
Mono: successfully reloaded assembly
- Completed reload, in  0.815 seconds
Platform modules already initialized, skipping
Refreshing native plugins compatible for Editor in 0.27 ms, found 0 plugins.
Preloading 0 native plugins for Editor in 0.00 ms.
Unloading 1194 Unused Serialized files (Serialized files now loaded: 0)
System memory in use before: 62.9 MB.
System memory in use after: 63.0 MB.

Unloading 4 unused Assets to reduce memory usage. Loaded Objects now: 1683.
Total: 2.182500 ms (FindLiveObjects: 0.186400 ms CreateObjectMapping: 0.059800 ms MarkObjects: 1.915000 ms  DeleteObjects: 0.018800 ms)

========================================================================
Received Prepare
Registering precompiled user dll's ...
Registered in 0.000850 seconds.
Begin MonoManager ReloadAssembly
Native extension for WindowsStandalone target not found
Refreshing native plugins compatible for Editor in 0.27 ms, found 0 plugins.
Preloading 0 native plugins for Editor in 0.00 ms.
Mono: successfully reloaded assembly
- Completed reload, in  0.833 seconds
Platform modules already initialized, skipping
Refreshing native plugins compatible for Editor in 0.28 ms, found 0 plugins.
Preloading 0 native plugins for Editor in 0.00 ms.
Unloading 1194 Unused Serialized files (Serialized files now loaded: 0)
System memory in use before: 62.9 MB.
System memory in use after: 63.0 MB.

Unloading 4 unused Assets to reduce memory usage. Loaded Objects now: 1686.
Total: 1.925900 ms (FindLiveObjects: 0.263700 ms CreateObjectMapping: 0.100400 ms MarkObjects: 1.541800 ms  DeleteObjects: 0.017800 ms)

========================================================================
Received Prepare
Registering precompiled user dll's ...
Registered in 0.000819 seconds.
Begin MonoManager ReloadAssembly
Native extension for WindowsStandalone target not found
Refreshing native plugins compatible for Editor in 0.25 ms, found 0 plugins.
Preloading 0 native plugins for Editor in 0.00 ms.
Mono: successfully reloaded assembly
- Completed reload, in  0.851 seconds
Platform modules already initialized, skipping
Refreshing native plugins compatible for Editor in 0.25 ms, found 0 plugins.
Preloading 0 native plugins for Editor in 0.00 ms.
Unloading 1194 Unused Serialized files (Serialized files now loaded: 0)
System memory in use before: 62.9 MB.
System memory in use after: 63.0 MB.

Unloading 4 unused Assets to reduce memory usage. Loaded Objects now: 1689.
Total: 4.678500 ms (FindLiveObjects: 1.004800 ms CreateObjectMapping: 0.183100 ms MarkObjects: 3.468700 ms  DeleteObjects: 0.018700 ms)

========================================================================
Received Prepare
Registering precompiled user dll's ...
Registered in 0.000600 seconds.
Begin MonoManager ReloadAssembly
Native extension for WindowsStandalone target not found
Refreshing native plugins compatible for Editor in 0.25 ms, found 0 plugins.
Preloading 0 native plugins for Editor in 0.00 ms.
Mono: successfully reloaded assembly
- Completed reload, in  0.824 seconds
Platform modules already initialized, skipping
Refreshing native plugins compatible for Editor in 0.32 ms, found 0 plugins.
Preloading 0 native plugins for Editor in 0.00 ms.
Unloading 1194 Unused Serialized files (Serialized files now loaded: 0)
System memory in use before: 62.9 MB.
System memory in use after: 63.0 MB.

Unloading 4 unused Assets to reduce memory usage. Loaded Objects now: 1692.
Total: 3.108500 ms (FindLiveObjects: 0.242500 ms CreateObjectMapping: 0.083200 ms MarkObjects: 2.760700 ms  DeleteObjects: 0.020600 ms)

========================================================================
Received Import Request.
  Time since last request: 588.927657 seconds.
  path: Assets/Animations/Player/Player.controller
  artifactKey: Guid(846b7f4a2cffe194db36c9ddbfac1b10) Importer(815301076,1909f56bfc062723c751e8b465ee728b)
Start importing Assets/Animations/Player/Player.controller using Guid(846b7f4a2cffe194db36c9ddbfac1b10) Importer(815301076,1909f56bfc062723c751e8b465ee728b)  -> (artifact id: '8409d66dddd17459643ca7ba9a233aea') in 0.015892 seconds
  Import took 0.018516 seconds .

========================================================================
Received Prepare
Registering precompiled user dll's ...
Registered in 0.000951 seconds.
Begin MonoManager ReloadAssembly
Native extension for WindowsStandalone target not found
Refreshing native plugins compatible for Editor in 0.27 ms, found 0 plugins.
Preloading 0 native plugins for Editor in 0.00 ms.
Mono: successfully reloaded assembly
- Completed reload, in  0.831 seconds
Platform modules already initialized, skipping
Refreshing native plugins compatible for Editor in 0.33 ms, found 0 plugins.
Preloading 0 native plugins for Editor in 0.00 ms.
Unloading 1194 Unused Serialized files (Serialized files now loaded: 0)
System memory in use before: 62.9 MB.
System memory in use after: 63.0 MB.

Unloading 4 unused Assets to reduce memory usage. Loaded Objects now: 1695.
Total: 2.010200 ms (FindLiveObjects: 0.141200 ms CreateObjectMapping: 0.040600 ms MarkObjects: 1.808200 ms  DeleteObjects: 0.018300 ms)

========================================================================
Received Import Request.
  Time since last request: 88.727904 seconds.
  path: Assets/Prefabs/Player.prefab
  artifactKey: Guid(2e7fbf2ec62ff494b95799277e39c41e) Importer(815301076,1909f56bfc062723c751e8b465ee728b)
Start importing Assets/Prefabs/Player.prefab using Guid(2e7fbf2ec62ff494b95799277e39c41e) Importer(815301076,1909f56bfc062723c751e8b465ee728b)  -> (artifact id: '34aea994c6f347701ca49ef417198a57') in 0.187414 seconds
  Import took 0.190435 seconds .

========================================================================
Received Prepare
Registering precompiled user dll's ...
Registered in 0.000911 seconds.
Begin MonoManager ReloadAssembly
Native extension for WindowsStandalone target not found
Refreshing native plugins compatible for Editor in 0.27 ms, found 0 plugins.
Preloading 0 native plugins for Editor in 0.00 ms.
Mono: successfully reloaded assembly
- Completed reload, in  0.867 seconds
Platform modules already initialized, skipping
Refreshing native plugins compatible for Editor in 0.26 ms, found 0 plugins.
Preloading 0 native plugins for Editor in 0.00 ms.
Unloading 1194 Unused Serialized files (Serialized files now loaded: 0)
System memory in use before: 62.9 MB.
System memory in use after: 63.0 MB.

Unloading 4 unused Assets to reduce memory usage. Loaded Objects now: 1699.
Total: 2.284500 ms (FindLiveObjects: 0.296600 ms CreateObjectMapping: 0.095700 ms MarkObjects: 1.870000 ms  DeleteObjects: 0.020700 ms)

========================================================================
Received Prepare
Registering precompiled user dll's ...
Registered in 0.001042 seconds.
Begin MonoManager ReloadAssembly
Native extension for WindowsStandalone target not found
Refreshing native plugins compatible for Editor in 0.27 ms, found 0 plugins.
Preloading 0 native plugins for Editor in 0.00 ms.
Mono: successfully reloaded assembly
- Completed reload, in  0.836 seconds
Platform modules already initialized, skipping
Refreshing native plugins compatible for Editor in 0.28 ms, found 0 plugins.
Preloading 0 native plugins for Editor in 0.00 ms.
Unloading 1194 Unused Serialized files (Serialized files now loaded: 0)
System memory in use before: 62.9 MB.
System memory in use after: 63.0 MB.

Unloading 4 unused Assets to reduce memory usage. Loaded Objects now: 1702.
Total: 2.036600 ms (FindLiveObjects: 0.207000 ms CreateObjectMapping: 0.062900 ms MarkObjects: 1.747600 ms  DeleteObjects: 0.017100 ms)

========================================================================
Received Prepare
Registering precompiled user dll's ...
Registered in 0.000564 seconds.
Begin MonoManager ReloadAssembly
Native extension for WindowsStandalone target not found
Refreshing native plugins compatible for Editor in 0.35 ms, found 0 plugins.
Preloading 0 native plugins for Editor in 0.00 ms.
Mono: successfully reloaded assembly
- Completed reload, in  0.862 seconds
Platform modules already initialized, skipping
Refreshing native plugins compatible for Editor in 0.26 ms, found 0 plugins.
Preloading 0 native plugins for Editor in 0.00 ms.
Unloading 1194 Unused Serialized files (Serialized files now loaded: 0)
System memory in use before: 62.9 MB.
System memory in use after: 63.0 MB.

Unloading 4 unused Assets to reduce memory usage. Loaded Objects now: 1705.
Total: 1.892400 ms (FindLiveObjects: 0.227300 ms CreateObjectMapping: 0.045900 ms MarkObjects: 1.600100 ms  DeleteObjects: 0.016400 ms)

========================================================================
Received Prepare
Registering precompiled user dll's ...
Registered in 0.000692 seconds.
Begin MonoManager ReloadAssembly
Native extension for WindowsStandalone target not found
Refreshing native plugins compatible for Editor in 0.26 ms, found 0 plugins.
Preloading 0 native plugins for Editor in 0.00 ms.
Mono: successfully reloaded assembly
- Completed reload, in  0.820 seconds
Platform modules already initialized, skipping
Refreshing native plugins compatible for Editor in 0.28 ms, found 0 plugins.
Preloading 0 native plugins for Editor in 0.00 ms.
Unloading 1194 Unused Serialized files (Serialized files now loaded: 0)
System memory in use before: 62.9 MB.
System memory in use after: 63.0 MB.

Unloading 4 unused Assets to reduce memory usage. Loaded Objects now: 1708.
Total: 1.973000 ms (FindLiveObjects: 0.217300 ms CreateObjectMapping: 0.125500 ms MarkObjects: 1.608500 ms  DeleteObjects: 0.019300 ms)

========================================================================
Received Prepare
Registering precompiled user dll's ...
Registered in 0.000889 seconds.
Begin MonoManager ReloadAssembly
Native extension for WindowsStandalone target not found
Refreshing native plugins compatible for Editor in 0.27 ms, found 0 plugins.
Preloading 0 native plugins for Editor in 0.00 ms.
Mono: successfully reloaded assembly
- Completed reload, in  0.853 seconds
Platform modules already initialized, skipping
Refreshing native plugins compatible for Editor in 0.33 ms, found 0 plugins.
Preloading 0 native plugins for Editor in 0.00 ms.
Unloading 1194 Unused Serialized files (Serialized files now loaded: 0)
System memory in use before: 62.9 MB.
System memory in use after: 63.0 MB.

Unloading 4 unused Assets to reduce memory usage. Loaded Objects now: 1711.
Total: 2.120800 ms (FindLiveObjects: 0.217300 ms CreateObjectMapping: 0.085900 ms MarkObjects: 1.799600 ms  DeleteObjects: 0.016800 ms)

========================================================================
Received Prepare
Registering precompiled user dll's ...
Registered in 0.000602 seconds.
Begin MonoManager ReloadAssembly
Native extension for WindowsStandalone target not found
Refreshing native plugins compatible for Editor in 0.25 ms, found 0 plugins.
Preloading 0 native plugins for Editor in 0.00 ms.
Mono: successfully reloaded assembly
- Completed reload, in  0.907 seconds
Platform modules already initialized, skipping
Refreshing native plugins compatible for Editor in 0.24 ms, found 0 plugins.
Preloading 0 native plugins for Editor in 0.00 ms.
Unloading 1194 Unused Serialized files (Serialized files now loaded: 0)
System memory in use before: 62.9 MB.
System memory in use after: 63.0 MB.

Unloading 4 unused Assets to reduce memory usage. Loaded Objects now: 1714.
Total: 1.915800 ms (FindLiveObjects: 0.159900 ms CreateObjectMapping: 0.053600 ms MarkObjects: 1.684500 ms  DeleteObjects: 0.016500 ms)

========================================================================
Received Prepare
Registering precompiled user dll's ...
Registered in 0.000570 seconds.
Begin MonoManager ReloadAssembly
Native extension for WindowsStandalone target not found
Refreshing native plugins compatible for Editor in 0.24 ms, found 0 plugins.
Preloading 0 native plugins for Editor in 0.00 ms.
Mono: successfully reloaded assembly
- Completed reload, in  0.824 seconds
Platform modules already initialized, skipping
Refreshing native plugins compatible for Editor in 0.29 ms, found 0 plugins.
Preloading 0 native plugins for Editor in 0.00 ms.
Unloading 1194 Unused Serialized files (Serialized files now loaded: 0)
System memory in use before: 62.9 MB.
System memory in use after: 63.0 MB.

Unloading 4 unused Assets to reduce memory usage. Loaded Objects now: 1717.
Total: 2.415200 ms (FindLiveObjects: 0.544300 ms CreateObjectMapping: 0.098400 ms MarkObjects: 1.751200 ms  DeleteObjects: 0.018500 ms)

AssetImportWorkerClient::OnTransportError - code=2 error=End of file
